<?xml version="1.0" encoding="UTF-8"?>
<!-- Generated by org.testng.reporters.JUnitXMLReporter -->
<testsuite hostname="DESKTOP-VD6U0FK" name="Test" tests="6" failures="0" timestamp="30 Jan 2020 07:22:46 GMT" time="0.034" errors="0">
  <testcase name="iosApps" time="0.01" classname="com.acme.AppiumTest"/>
  <testcase name="nativeApps" time="0.0" classname="com.acme.AppiumTest"/>
  <testcase name="deleteTwitter" time="0.0" classname="com.acme.APITest"/>
  <testcase name="postJira" time="0.001" classname="com.acme.APITest"/>
  <testcase name="browserAutomation" time="0.001" classname="com.acme.SeleniumTest"/>
  <testcase name="uiElements" time="0.001" classname="com.acme.SeleniumTest"/>
</testsuite> <!-- Test -->
