<?xml version="1.0" encoding="UTF-8"?>
<!-- Generated by org.testng.reporters.JUnitXMLReporter -->
<testsuite hostname="DESKTOP-VD6U0FK" ignored="0" name="Command line test" tests="6" failures="0" timestamp="2020-01-31T17:46:13 NZDT" time="0.045" errors="0">
  <testcase name="deleteTwitter" time="0.005" classname="com.acme.APITest"/>
  <testcase name="postJira" time="0.0" classname="com.acme.APITest"/>
  <testcase name="iosApps" time="0.0" classname="com.acme.AppiumTest"/>
  <testcase name="nativeApps" time="0.0" classname="com.acme.AppiumTest"/>
  <testcase name="browserAutomation" time="0.0" classname="com.acme.SeleniumTest"/>
  <testcase name="uiElements" time="0.0" classname="com.acme.SeleniumTest"/>
</testsuite> <!-- Command line test -->
