<?xml version="1.0" encoding="UTF-8"?>
<testng-results skipped="0" failed="0" total="2" passed="2">
  <reporter-output>
  </reporter-output>
  <suite name="Default suite" duration-ms="68" started-at="2020-03-05T02:37:15Z" finished-at="2020-03-05T02:37:15Z">
    <groups>
      <group name="smoke">
        <method signature="APITest.deleteTwitter()[pri:0, instance:com.acme.APITest@5594a1b5]" name="deleteTwitter" class="com.acme.APITest"/>
      </group> <!-- smoke -->
    </groups>
    <test name="Default test" duration-ms="68" started-at="2020-03-05T02:37:15Z" finished-at="2020-03-05T02:37:15Z">
      <class name="com.acme.APITest">
        <test-method status="PASS" signature="deleteTwitter()[pri:0, instance:com.acme.APITest@5594a1b5]" name="deleteTwitter" duration-ms="35" started-at="2020-03-05T15:37:15Z" finished-at="2020-03-05T15:37:15Z">
          <reporter-output>
          </reporter-output>
        </test-method> <!-- deleteTwitter -->
        <test-method status="PASS" signature="postJira()[pri:0, instance:com.acme.APITest@5594a1b5]" name="postJira" duration-ms="1" started-at="2020-03-05T15:37:15Z" finished-at="2020-03-05T15:37:15Z">
          <reporter-output>
          </reporter-output>
        </test-method> <!-- postJira -->
      </class> <!-- com.acme.APITest -->
    </test> <!-- Default test -->
  </suite> <!-- Default suite -->
</testng-results>
